Drill report for liberocan1.kicad_pcb
Created on 2024-09-20T16:54:09+0200

Copper Layer Stackup:
    =============================================================
    L1 :  F.Cu                      front
    L2 :  B.Cu                      back


Drill file 'liberocan1-PTH.drl' contains
    plated through holes:
    =============================================================
    T1  0.400mm  0.0157"  (51 holes)
    T2  0.500mm  0.0197"  (2 holes)
    T3  0.700mm  0.0276"  (8 holes)
    T4  0.800mm  0.0315"  (34 holes)
    T5  1.000mm  0.0394"  (55 holes)
    T6  1.020mm  0.0402"  (43 holes)
    T7  1.100mm  0.0433"  (4 holes)
    T8  1.500mm  0.0591"  (2 holes)

    Total plated holes count 199


Drill file 'liberocan1-NPTH.drl' contains
    unplated through holes:
    =============================================================
    T1  1.500mm  0.0591"  (2 holes)
    T2  1.800mm  0.0709"  (2 holes)
    T3  3.000mm  0.1181"  (4 holes)

    Total unplated holes count 8
