Drill report for astrasat1.kicad_pcb
Created on Wed 29 Nov 2023 05:20:40 PM CET

Copper Layer Stackup:
    =============================================================
    L1 :  F.Cu                      front
    L2 :  B.Cu                      back


Drill file 'astrasat1-PTH.drl' contains
    plated through holes:
    =============================================================
    T1  0.400mm  0.0157"  (46 holes)
    T2  0.500mm  0.0197"  (6 holes)
    T3  0.800mm  0.0315"  (34 holes)
    T4  1.000mm  0.0394"  (45 holes)
    T5  1.020mm  0.0402"  (43 holes)
    T6  1.100mm  0.0433"  (4 holes)
    T7  1.500mm  0.0591"  (2 holes)

    Total plated holes count 180


Drill file 'astrasat1-NPTH.drl' contains
    unplated through holes:
    =============================================================
    T1  1.500mm  0.0591"  (2 holes)
    T2  1.800mm  0.0709"  (2 holes)
    T3  3.000mm  0.1181"  (4 holes)

    Total unplated holes count 8
